<?xml version="1.0" encoding="UTF-8"?>
<!-- Generated by org.testng.reporters.JUnitReportReporter -->
<testsuite hostname="DESKTOP-8J3BGIT" failures="0" tests="2" name="RestAssured.restAssuredStaticImport" time="4.046" errors="0" timestamp="18 Jun 2019 05:47:02 GMT" skipped="0">
  <testcase classname="RestAssured.restAssuredStaticImport" name="validateBody" time="3.458"/>
  <testcase classname="RestAssured.restAssuredStaticImport" name="validateResponseCode" time="0.588"/>
</testsuite> <!-- RestAssured.restAssuredStaticImport -->
