<?xml version="1.0" encoding="UTF-8"?>
<!-- Generated by org.testng.reporters.JUnitReportReporter -->
<testsuite hostname="DESKTOP-8J3BGIT" failures="0" tests="2" name="RestAssured.restAssured" time="4.917" errors="0" timestamp="17 Jun 2019 11:22:13 GMT" skipped="0">
  <testcase classname="RestAssured.restAssured" name="validateResponseCode" time="0.505"/>
  <testcase classname="RestAssured.restAssured" name="validateBody" time="4.412"/>
</testsuite> <!-- RestAssured.restAssured -->
